<?xml version="1.0" encoding="UTF-8"?>
<coverage generated="1700884926669" clover="3.2.0">
  <project timestamp="1700884926669" name="All files">
    <metrics statements="43" coveredstatements="43" conditionals="10" coveredconditionals="10" methods="1" coveredmethods="1" elements="54" coveredelements="54" complexity="0" loc="43" ncloc="43" packages="1" files="1" classes="1"/>
    <file name="CalculateScore.ts" path="/Users/matsuoyoshihiro/Desktop/PSYCHO_TEST_VITE/PSYCHO_TEST/src/utils/CalculateScore.ts">
      <metrics statements="43" coveredstatements="43" conditionals="10" coveredconditionals="10" methods="1" coveredmethods="1"/>
      <line num="1" count="1" type="stmt"/>
      <line num="2" count="1" type="stmt"/>
      <line num="3" count="1" type="stmt"/>
      <line num="4" count="1" type="stmt"/>
      <line num="5" count="1" type="stmt"/>
      <line num="6" count="1" type="stmt"/>
      <line num="7" count="1" type="stmt"/>
      <line num="8" count="1" type="stmt"/>
      <line num="9" count="1" type="stmt"/>
      <line num="10" count="1" type="stmt"/>
      <line num="11" count="1" type="stmt"/>
      <line num="12" count="1" type="cond" truecount="1" falsecount="0"/>
      <line num="13" count="6" type="stmt"/>
      <line num="14" count="6" type="stmt"/>
      <line num="15" count="6" type="stmt"/>
      <line num="16" count="6" type="stmt"/>
      <line num="17" count="6" type="stmt"/>
      <line num="18" count="6" type="stmt"/>
      <line num="19" count="6" type="stmt"/>
      <line num="20" count="6" type="stmt"/>
      <line num="21" count="6" type="stmt"/>
      <line num="22" count="6" type="stmt"/>
      <line num="23" count="6" type="cond" truecount="1" falsecount="0"/>
      <line num="24" count="16" type="cond" truecount="1" falsecount="0"/>
      <line num="25" count="1" type="stmt"/>
      <line num="26" count="16" type="cond" truecount="1" falsecount="0"/>
      <line num="27" count="15" type="cond" truecount="1" falsecount="0"/>
      <line num="28" count="45" type="stmt"/>
      <line num="29" count="45" type="cond" truecount="1" falsecount="0"/>
      <line num="30" count="35" type="stmt"/>
      <line num="31" count="35" type="stmt"/>
      <line num="32" count="15" type="stmt"/>
      <line num="33" count="15" type="cond" truecount="1" falsecount="0"/>
      <line num="34" count="45" type="stmt"/>
      <line num="35" count="45" type="cond" truecount="1" falsecount="0"/>
      <line num="36" count="37" type="cond" truecount="1" falsecount="0"/>
      <line num="37" count="37" type="stmt"/>
      <line num="38" count="37" type="stmt"/>
      <line num="39" count="45" type="stmt"/>
      <line num="40" count="15" type="stmt"/>
      <line num="41" count="16" type="cond" truecount="1" falsecount="0"/>
      <line num="42" count="5" type="stmt"/>
      <line num="43" count="5" type="stmt"/>
    </file>
  </project>
</coverage>
