{"/Users/matsuoyoshihiro/Desktop/PSYCHO_TEST_VITE/PSYCHO_TEST/src/utils/CalculateScore.ts": {"path":"/Users/matsuoyoshihiro/Desktop/PSYCHO_TEST_VITE/PSYCHO_TEST/src/utils/CalculateScore.ts","all":false,"statementMap":{"0":{"start":{"line":1,"column":0},"end":{"line":1,"column":61}},"1":{"start":{"line":2,"column":0},"end":{"line":2,"column":0}},"2":{"start":{"line":3,"column":0},"end":{"line":3,"column":3}},"3":{"start":{"line":4,"column":0},"end":{"line":4,"column":24}},"4":{"start":{"line":5,"column":0},"end":{"line":5,"column":45}},"5":{"start":{"line":6,"column":0},"end":{"line":6,"column":36}},"6":{"start":{"line":7,"column":0},"end":{"line":7,"column":56}},"7":{"start":{"line":8,"column":0},"end":{"line":8,"column":1}},"8":{"start":{"line":9,"column":0},"end":{"line":9,"column":40}},"9":{"start":{"line":10,"column":0},"end":{"line":10,"column":68}},"10":{"start":{"line":11,"column":0},"end":{"line":11,"column":2}},"11":{"start":{"line":12,"column":0},"end":{"line":12,"column":83}},"12":{"start":{"line":13,"column":0},"end":{"line":13,"column":71}},"13":{"start":{"line":14,"column":0},"end":{"line":14,"column":28}},"14":{"start":{"line":15,"column":0},"end":{"line":15,"column":30}},"15":{"start":{"line":16,"column":0},"end":{"line":16,"column":32}},"16":{"start":{"line":17,"column":0},"end":{"line":17,"column":6}},"17":{"start":{"line":18,"column":0},"end":{"line":18,"column":75}},"18":{"start":{"line":19,"column":0},"end":{"line":19,"column":30}},"19":{"start":{"line":20,"column":0},"end":{"line":20,"column":32}},"20":{"start":{"line":21,"column":0},"end":{"line":21,"column":34}},"21":{"start":{"line":22,"column":0},"end":{"line":22,"column":6}},"22":{"start":{"line":23,"column":0},"end":{"line":23,"column":35}},"23":{"start":{"line":24,"column":0},"end":{"line":24,"column":35}},"24":{"start":{"line":25,"column":0},"end":{"line":25,"column":25}},"25":{"start":{"line":26,"column":0},"end":{"line":26,"column":16}},"26":{"start":{"line":27,"column":0},"end":{"line":27,"column":69}},"27":{"start":{"line":28,"column":0},"end":{"line":28,"column":92}},"28":{"start":{"line":29,"column":0},"end":{"line":29,"column":37}},"29":{"start":{"line":30,"column":0},"end":{"line":30,"column":79}},"30":{"start":{"line":31,"column":0},"end":{"line":31,"column":17}},"31":{"start":{"line":32,"column":0},"end":{"line":32,"column":15}},"32":{"start":{"line":33,"column":0},"end":{"line":33,"column":46}},"33":{"start":{"line":34,"column":0},"end":{"line":34,"column":78}},"34":{"start":{"line":35,"column":0},"end":{"line":35,"column":40}},"35":{"start":{"line":36,"column":0},"end":{"line":36,"column":66}},"36":{"start":{"line":37,"column":0},"end":{"line":37,"column":88}},"37":{"start":{"line":38,"column":0},"end":{"line":38,"column":17}},"38":{"start":{"line":39,"column":0},"end":{"line":39,"column":13}},"39":{"start":{"line":40,"column":0},"end":{"line":40,"column":9}},"40":{"start":{"line":41,"column":0},"end":{"line":41,"column":5}},"41":{"start":{"line":42,"column":0},"end":{"line":42,"column":24}},"42":{"start":{"line":43,"column":0},"end":{"line":43,"column":1}}},"s":{"0":1,"1":1,"2":1,"3":1,"4":1,"5":1,"6":1,"7":1,"8":1,"9":1,"10":1,"11":1,"12":6,"13":6,"14":6,"15":6,"16":6,"17":6,"18":6,"19":6,"20":6,"21":6,"22":6,"23":16,"24":1,"25":16,"26":15,"27":45,"28":45,"29":35,"30":35,"31":15,"32":15,"33":45,"34":45,"35":37,"36":37,"37":37,"38":45,"39":15,"40":16,"41":5,"42":5},"branchMap":{"0":{"type":"branch","line":12,"loc":{"start":{"line":12,"column":7},"end":{"line":43,"column":1}},"locations":[{"start":{"line":12,"column":7},"end":{"line":43,"column":1}}]},"1":{"type":"branch","line":23,"loc":{"start":{"line":23,"column":34},"end":{"line":41,"column":5}},"locations":[{"start":{"line":23,"column":34},"end":{"line":41,"column":5}}]},"2":{"type":"branch","line":24,"loc":{"start":{"line":24,"column":34},"end":{"line":26,"column":15}},"locations":[{"start":{"line":24,"column":34},"end":{"line":26,"column":15}}]},"3":{"type":"branch","line":26,"loc":{"start":{"line":26,"column":8},"end":{"line":40,"column":9}},"locations":[{"start":{"line":26,"column":8},"end":{"line":40,"column":9}}]},"4":{"type":"branch","line":33,"loc":{"start":{"line":33,"column":45},"end":{"line":39,"column":13}},"locations":[{"start":{"line":33,"column":45},"end":{"line":39,"column":13}}]},"5":{"type":"branch","line":35,"loc":{"start":{"line":35,"column":39},"end":{"line":38,"column":17}},"locations":[{"start":{"line":35,"column":39},"end":{"line":38,"column":17}}]},"6":{"type":"branch","line":41,"loc":{"start":{"line":41,"column":4},"end":{"line":43,"column":1}},"locations":[{"start":{"line":41,"column":4},"end":{"line":43,"column":1}}]},"7":{"type":"branch","line":27,"loc":{"start":{"line":27,"column":61},"end":{"line":32,"column":13}},"locations":[{"start":{"line":27,"column":61},"end":{"line":32,"column":13}}]},"8":{"type":"branch","line":29,"loc":{"start":{"line":29,"column":36},"end":{"line":31,"column":17}},"locations":[{"start":{"line":29,"column":36},"end":{"line":31,"column":17}}]},"9":{"type":"branch","line":36,"loc":{"start":{"line":36,"column":46},"end":{"line":36,"column":63}},"locations":[{"start":{"line":36,"column":46},"end":{"line":36,"column":63}}]}},"b":{"0":[6],"1":[16],"2":[1],"3":[15],"4":[45],"5":[37],"6":[5],"7":[45],"8":[35],"9":[68]},"fnMap":{"0":{"name":"calculateScore","decl":{"start":{"line":12,"column":7},"end":{"line":43,"column":1}},"loc":{"start":{"line":12,"column":7},"end":{"line":43,"column":1}},"line":12}},"f":{"0":6}}
}
